2019-09-16 10:07:41,072 INFO 3936 [egg:logger] init all loggers with options: {"dir":"/Users/kunlingwu/MK86/cnode-api/logs/cnode-api-async","encoding":"utf8","env":"local","level":"INFO","consoleLevel":"INFO","disableConsoleAfterReady":false,"outputJSON":false,"buffer":true,"appLogName":"cnode-api-async-web.log","coreLogName":"egg-web.log","agentLogName":"egg-agent.log","errorLogName":"common-error.log","coreLogger":{"consoleLevel":"WARN"},"allowDebugAtProd":false,"type":"application"}
2019-09-16 10:07:41,099 INFO 3936 [egg-schedule]: register schedule /Users/kunlingwu/MK86/cnode-api/node_modules/egg-logrotator/app/schedule/clean_log.js
2019-09-16 10:07:41,099 INFO 3936 [egg-schedule]: register schedule /Users/kunlingwu/MK86/cnode-api/node_modules/egg-logrotator/app/schedule/rotate_by_file.js
2019-09-16 10:07:41,141 INFO 3936 [egg-static] starting static serve /public/ -> /Users/kunlingwu/MK86/cnode-api/app/public
2019-09-16 10:07:41,145 INFO 3936 [egg-security] use csrf middleware
2019-09-16 10:07:41,145 INFO 3936 [egg-security] use methodnoallow middleware
2019-09-16 10:07:41,146 INFO 3936 [egg-security] use noopen middleware
2019-09-16 10:07:41,146 INFO 3936 [egg-security] use nosniff middleware
2019-09-16 10:07:41,147 INFO 3936 [egg-security] use xssProtection middleware
2019-09-16 10:07:41,149 INFO 3936 [egg-security] use xframe middleware
2019-09-16 10:07:41,150 INFO 3936 [egg-security] use dta middleware
2019-09-16 10:07:41,150 INFO 3936 [egg-security] compose 7 middlewares into one security middleware
2019-09-16 10:07:41,163 INFO 3936 [egg:core] dump config after load, 3ms
2019-09-16 10:07:41,182 INFO 3936 [egg-watcher:app] watcher start success
2019-09-16 10:07:41,186 INFO 3936 [egg:core] dump config after ready, 3ms
2019-09-16 10:09:34,437 INFO 4094 [egg:logger] init all loggers with options: {"dir":"/Users/kunlingwu/MK86/cnode-api/logs/cnode-api-async","encoding":"utf8","env":"local","level":"INFO","consoleLevel":"INFO","disableConsoleAfterReady":false,"outputJSON":false,"buffer":true,"appLogName":"cnode-api-async-web.log","coreLogName":"egg-web.log","agentLogName":"egg-agent.log","errorLogName":"common-error.log","coreLogger":{"consoleLevel":"WARN"},"allowDebugAtProd":false,"type":"application"}
2019-09-16 10:09:34,478 INFO 4094 [egg-schedule]: register schedule /Users/kunlingwu/MK86/cnode-api/node_modules/egg-logrotator/app/schedule/clean_log.js
2019-09-16 10:09:34,478 INFO 4094 [egg-schedule]: register schedule /Users/kunlingwu/MK86/cnode-api/node_modules/egg-logrotator/app/schedule/rotate_by_file.js
2019-09-16 10:09:34,514 INFO 4094 [egg-static] starting static serve /public/ -> /Users/kunlingwu/MK86/cnode-api/app/public
2019-09-16 10:09:34,516 INFO 4094 [egg-security] use csrf middleware
2019-09-16 10:09:34,516 INFO 4094 [egg-security] use methodnoallow middleware
2019-09-16 10:09:34,516 INFO 4094 [egg-security] use noopen middleware
2019-09-16 10:09:34,517 INFO 4094 [egg-security] use nosniff middleware
2019-09-16 10:09:34,517 INFO 4094 [egg-security] use xssProtection middleware
2019-09-16 10:09:34,519 INFO 4094 [egg-security] use xframe middleware
2019-09-16 10:09:34,519 INFO 4094 [egg-security] use dta middleware
2019-09-16 10:09:34,519 INFO 4094 [egg-security] compose 7 middlewares into one security middleware
2019-09-16 10:09:34,530 INFO 4094 [egg:core] dump config after load, 4ms
2019-09-16 10:09:34,547 INFO 4094 [egg-watcher:app] watcher start success
2019-09-16 10:09:34,551 INFO 4094 [egg:core] dump config after ready, 3ms
2019-09-16 10:09:36,103 INFO 4098 [egg:logger] init all loggers with options: {"dir":"/Users/kunlingwu/MK86/cnode-api/logs/cnode-api-async","encoding":"utf8","env":"local","level":"INFO","consoleLevel":"INFO","disableConsoleAfterReady":false,"outputJSON":false,"buffer":true,"appLogName":"cnode-api-async-web.log","coreLogName":"egg-web.log","agentLogName":"egg-agent.log","errorLogName":"common-error.log","coreLogger":{"consoleLevel":"WARN"},"allowDebugAtProd":false,"type":"application"}
2019-09-16 10:09:36,129 INFO 4098 [egg-schedule]: register schedule /Users/kunlingwu/MK86/cnode-api/node_modules/egg-logrotator/app/schedule/clean_log.js
2019-09-16 10:09:36,130 INFO 4098 [egg-schedule]: register schedule /Users/kunlingwu/MK86/cnode-api/node_modules/egg-logrotator/app/schedule/rotate_by_file.js
2019-09-16 10:09:36,161 INFO 4098 [egg-static] starting static serve /public/ -> /Users/kunlingwu/MK86/cnode-api/app/public
2019-09-16 10:09:36,163 INFO 4098 [egg-security] use csrf middleware
2019-09-16 10:09:36,163 INFO 4098 [egg-security] use methodnoallow middleware
2019-09-16 10:09:36,164 INFO 4098 [egg-security] use noopen middleware
2019-09-16 10:09:36,164 INFO 4098 [egg-security] use nosniff middleware
2019-09-16 10:09:36,164 INFO 4098 [egg-security] use xssProtection middleware
2019-09-16 10:09:36,166 INFO 4098 [egg-security] use xframe middleware
2019-09-16 10:09:36,166 INFO 4098 [egg-security] use dta middleware
2019-09-16 10:09:36,166 INFO 4098 [egg-security] compose 7 middlewares into one security middleware
2019-09-16 10:09:36,176 INFO 4098 [egg:core] dump config after load, 4ms
2019-09-16 10:09:36,194 INFO 4098 [egg-watcher:app] watcher start success
2019-09-16 10:09:36,198 INFO 4098 [egg:core] dump config after ready, 3ms
2019-09-16 10:09:36,561 INFO 4101 [egg:logger] init all loggers with options: {"dir":"/Users/kunlingwu/MK86/cnode-api/logs/cnode-api-async","encoding":"utf8","env":"local","level":"INFO","consoleLevel":"INFO","disableConsoleAfterReady":false,"outputJSON":false,"buffer":true,"appLogName":"cnode-api-async-web.log","coreLogName":"egg-web.log","agentLogName":"egg-agent.log","errorLogName":"common-error.log","coreLogger":{"consoleLevel":"WARN"},"allowDebugAtProd":false,"type":"application"}
2019-09-16 10:09:36,588 INFO 4101 [egg-schedule]: register schedule /Users/kunlingwu/MK86/cnode-api/node_modules/egg-logrotator/app/schedule/clean_log.js
2019-09-16 10:09:36,588 INFO 4101 [egg-schedule]: register schedule /Users/kunlingwu/MK86/cnode-api/node_modules/egg-logrotator/app/schedule/rotate_by_file.js
2019-09-16 10:09:36,621 INFO 4101 [egg-static] starting static serve /public/ -> /Users/kunlingwu/MK86/cnode-api/app/public
2019-09-16 10:09:36,623 INFO 4101 [egg-security] use csrf middleware
2019-09-16 10:09:36,623 INFO 4101 [egg-security] use methodnoallow middleware
2019-09-16 10:09:36,624 INFO 4101 [egg-security] use noopen middleware
2019-09-16 10:09:36,624 INFO 4101 [egg-security] use nosniff middleware
2019-09-16 10:09:36,624 INFO 4101 [egg-security] use xssProtection middleware
2019-09-16 10:09:36,626 INFO 4101 [egg-security] use xframe middleware
2019-09-16 10:09:36,626 INFO 4101 [egg-security] use dta middleware
2019-09-16 10:09:36,626 INFO 4101 [egg-security] compose 7 middlewares into one security middleware
2019-09-16 10:09:36,636 INFO 4101 [egg:core] dump config after load, 4ms
2019-09-16 10:09:36,653 INFO 4101 [egg-watcher:app] watcher start success
2019-09-16 10:09:36,657 INFO 4101 [egg:core] dump config after ready, 3ms
2019-09-16 10:11:19,399 INFO 4206 [egg:logger] init all loggers with options: {"dir":"/Users/kunlingwu/MK86/cnode-api/logs/cnode-api-async","encoding":"utf8","env":"local","level":"INFO","consoleLevel":"INFO","disableConsoleAfterReady":false,"outputJSON":false,"buffer":true,"appLogName":"cnode-api-async-web.log","coreLogName":"egg-web.log","agentLogName":"egg-agent.log","errorLogName":"common-error.log","coreLogger":{"consoleLevel":"WARN"},"allowDebugAtProd":false,"type":"application"}
2019-09-16 10:11:19,426 INFO 4206 [egg-schedule]: register schedule /Users/kunlingwu/MK86/cnode-api/node_modules/egg-logrotator/app/schedule/clean_log.js
2019-09-16 10:11:19,426 INFO 4206 [egg-schedule]: register schedule /Users/kunlingwu/MK86/cnode-api/node_modules/egg-logrotator/app/schedule/rotate_by_file.js
2019-09-16 10:11:19,460 INFO 4206 [egg-static] starting static serve /public/ -> /Users/kunlingwu/MK86/cnode-api/app/public
2019-09-16 10:11:19,462 INFO 4206 [egg-security] use csrf middleware
2019-09-16 10:11:19,462 INFO 4206 [egg-security] use methodnoallow middleware
2019-09-16 10:11:19,463 INFO 4206 [egg-security] use noopen middleware
2019-09-16 10:11:19,463 INFO 4206 [egg-security] use nosniff middleware
2019-09-16 10:11:19,463 INFO 4206 [egg-security] use xssProtection middleware
2019-09-16 10:11:19,465 INFO 4206 [egg-security] use xframe middleware
2019-09-16 10:11:19,465 INFO 4206 [egg-security] use dta middleware
2019-09-16 10:11:19,465 INFO 4206 [egg-security] compose 7 middlewares into one security middleware
2019-09-16 10:11:19,475 INFO 4206 [egg:core] dump config after load, 4ms
2019-09-16 10:11:19,491 INFO 4206 [egg-watcher:app] watcher start success
2019-09-16 10:11:19,495 INFO 4206 [egg:core] dump config after ready, 3ms
2019-09-16 10:11:19,890 INFO 4208 [egg:logger] init all loggers with options: {"dir":"/Users/kunlingwu/MK86/cnode-api/logs/cnode-api-async","encoding":"utf8","env":"local","level":"INFO","consoleLevel":"INFO","disableConsoleAfterReady":false,"outputJSON":false,"buffer":true,"appLogName":"cnode-api-async-web.log","coreLogName":"egg-web.log","agentLogName":"egg-agent.log","errorLogName":"common-error.log","coreLogger":{"consoleLevel":"WARN"},"allowDebugAtProd":false,"type":"application"}
2019-09-16 10:11:19,918 INFO 4208 [egg-schedule]: register schedule /Users/kunlingwu/MK86/cnode-api/node_modules/egg-logrotator/app/schedule/clean_log.js
2019-09-16 10:11:19,918 INFO 4208 [egg-schedule]: register schedule /Users/kunlingwu/MK86/cnode-api/node_modules/egg-logrotator/app/schedule/rotate_by_file.js
2019-09-16 10:11:19,959 INFO 4208 [egg-static] starting static serve /public/ -> /Users/kunlingwu/MK86/cnode-api/app/public
2019-09-16 10:11:19,961 INFO 4208 [egg-security] use csrf middleware
2019-09-16 10:11:19,962 INFO 4208 [egg-security] use methodnoallow middleware
2019-09-16 10:11:19,962 INFO 4208 [egg-security] use noopen middleware
2019-09-16 10:11:19,962 INFO 4208 [egg-security] use nosniff middleware
2019-09-16 10:11:19,963 INFO 4208 [egg-security] use xssProtection middleware
2019-09-16 10:11:19,965 INFO 4208 [egg-security] use xframe middleware
2019-09-16 10:11:19,966 INFO 4208 [egg-security] use dta middleware
2019-09-16 10:11:19,966 INFO 4208 [egg-security] compose 7 middlewares into one security middleware
2019-09-16 10:11:19,980 INFO 4208 [egg:core] dump config after load, 6ms
2019-09-16 10:11:20,003 INFO 4208 [egg-watcher:app] watcher start success
2019-09-16 10:11:20,008 INFO 4208 [egg:core] dump config after ready, 3ms
2019-09-16 10:11:36,832 INFO 4214 [egg:logger] init all loggers with options: {"dir":"/Users/kunlingwu/MK86/cnode-api/logs/cnode-api-async","encoding":"utf8","env":"local","level":"INFO","consoleLevel":"INFO","disableConsoleAfterReady":false,"outputJSON":false,"buffer":true,"appLogName":"cnode-api-async-web.log","coreLogName":"egg-web.log","agentLogName":"egg-agent.log","errorLogName":"common-error.log","coreLogger":{"consoleLevel":"WARN"},"allowDebugAtProd":false,"type":"application"}
2019-09-16 10:11:36,871 INFO 4214 [egg-schedule]: register schedule /Users/kunlingwu/MK86/cnode-api/node_modules/egg-logrotator/app/schedule/clean_log.js
2019-09-16 10:11:36,872 INFO 4214 [egg-schedule]: register schedule /Users/kunlingwu/MK86/cnode-api/node_modules/egg-logrotator/app/schedule/rotate_by_file.js
2019-09-16 10:11:36,954 INFO 4214 [egg-static] starting static serve /public/ -> /Users/kunlingwu/MK86/cnode-api/app/public
2019-09-16 10:11:36,957 INFO 4214 [egg-security] use csrf middleware
2019-09-16 10:11:36,958 INFO 4214 [egg-security] use methodnoallow middleware
2019-09-16 10:11:36,959 INFO 4214 [egg-security] use noopen middleware
2019-09-16 10:11:36,960 INFO 4214 [egg-security] use nosniff middleware
2019-09-16 10:11:36,960 INFO 4214 [egg-security] use xssProtection middleware
2019-09-16 10:11:36,963 INFO 4214 [egg-security] use xframe middleware
2019-09-16 10:11:36,964 INFO 4214 [egg-security] use dta middleware
2019-09-16 10:11:36,964 INFO 4214 [egg-security] compose 7 middlewares into one security middleware
2019-09-16 10:11:36,972 INFO 4214 [egg:core] dump config after load, 5ms
2019-09-16 10:11:36,991 INFO 4214 [egg-watcher:app] watcher start success
2019-09-16 10:11:36,996 INFO 4214 [egg:core] dump config after ready, 3ms
2019-09-16 10:11:37,394 INFO 4217 [egg:logger] init all loggers with options: {"dir":"/Users/kunlingwu/MK86/cnode-api/logs/cnode-api-async","encoding":"utf8","env":"local","level":"INFO","consoleLevel":"INFO","disableConsoleAfterReady":false,"outputJSON":false,"buffer":true,"appLogName":"cnode-api-async-web.log","coreLogName":"egg-web.log","agentLogName":"egg-agent.log","errorLogName":"common-error.log","coreLogger":{"consoleLevel":"WARN"},"allowDebugAtProd":false,"type":"application"}
2019-09-16 10:11:37,433 INFO 4217 [egg-schedule]: register schedule /Users/kunlingwu/MK86/cnode-api/node_modules/egg-logrotator/app/schedule/clean_log.js
2019-09-16 10:11:37,433 INFO 4217 [egg-schedule]: register schedule /Users/kunlingwu/MK86/cnode-api/node_modules/egg-logrotator/app/schedule/rotate_by_file.js
2019-09-16 10:11:37,478 INFO 4217 [egg-static] starting static serve /public/ -> /Users/kunlingwu/MK86/cnode-api/app/public
2019-09-16 10:11:37,480 INFO 4217 [egg-security] use csrf middleware
2019-09-16 10:11:37,481 INFO 4217 [egg-security] use methodnoallow middleware
2019-09-16 10:11:37,481 INFO 4217 [egg-security] use noopen middleware
2019-09-16 10:11:37,481 INFO 4217 [egg-security] use nosniff middleware
2019-09-16 10:11:37,482 INFO 4217 [egg-security] use xssProtection middleware
2019-09-16 10:11:37,484 INFO 4217 [egg-security] use xframe middleware
2019-09-16 10:11:37,484 INFO 4217 [egg-security] use dta middleware
2019-09-16 10:11:37,484 INFO 4217 [egg-security] compose 7 middlewares into one security middleware
2019-09-16 10:11:37,494 INFO 4217 [egg:core] dump config after load, 5ms
2019-09-16 10:11:37,515 INFO 4217 [egg-watcher:app] watcher start success
2019-09-16 10:11:37,519 INFO 4217 [egg:core] dump config after ready, 3ms
2019-09-16 10:11:56,775 INFO 4233 [egg:logger] init all loggers with options: {"dir":"/Users/kunlingwu/MK86/cnode-api/logs/cnode-api-async","encoding":"utf8","env":"local","level":"INFO","consoleLevel":"INFO","disableConsoleAfterReady":false,"outputJSON":false,"buffer":true,"appLogName":"cnode-api-async-web.log","coreLogName":"egg-web.log","agentLogName":"egg-agent.log","errorLogName":"common-error.log","coreLogger":{"consoleLevel":"WARN"},"allowDebugAtProd":false,"type":"application"}
2019-09-16 10:11:56,802 INFO 4233 [egg-schedule]: register schedule /Users/kunlingwu/MK86/cnode-api/node_modules/egg-logrotator/app/schedule/clean_log.js
2019-09-16 10:11:56,802 INFO 4233 [egg-schedule]: register schedule /Users/kunlingwu/MK86/cnode-api/node_modules/egg-logrotator/app/schedule/rotate_by_file.js
2019-09-16 10:11:56,842 INFO 4233 [egg-static] starting static serve /public/ -> /Users/kunlingwu/MK86/cnode-api/app/public
2019-09-16 10:11:56,844 INFO 4233 [egg-security] use csrf middleware
2019-09-16 10:11:56,845 INFO 4233 [egg-security] use methodnoallow middleware
2019-09-16 10:11:56,845 INFO 4233 [egg-security] use noopen middleware
2019-09-16 10:11:56,846 INFO 4233 [egg-security] use nosniff middleware
2019-09-16 10:11:56,846 INFO 4233 [egg-security] use xssProtection middleware
2019-09-16 10:11:56,851 INFO 4233 [egg-security] use xframe middleware
2019-09-16 10:11:56,852 INFO 4233 [egg-security] use dta middleware
2019-09-16 10:11:56,852 INFO 4233 [egg-security] compose 7 middlewares into one security middleware
2019-09-16 10:11:56,861 INFO 4233 [egg:core] dump config after load, 6ms
2019-09-16 10:11:56,888 INFO 4233 [egg-watcher:app] watcher start success
2019-09-16 10:11:56,893 INFO 4233 [egg:core] dump config after ready, 4ms
2019-09-16 10:11:58,658 INFO 4237 [egg:logger] init all loggers with options: {"dir":"/Users/kunlingwu/MK86/cnode-api/logs/cnode-api-async","encoding":"utf8","env":"local","level":"INFO","consoleLevel":"INFO","disableConsoleAfterReady":false,"outputJSON":false,"buffer":true,"appLogName":"cnode-api-async-web.log","coreLogName":"egg-web.log","agentLogName":"egg-agent.log","errorLogName":"common-error.log","coreLogger":{"consoleLevel":"WARN"},"allowDebugAtProd":false,"type":"application"}
2019-09-16 10:11:58,687 INFO 4237 [egg-schedule]: register schedule /Users/kunlingwu/MK86/cnode-api/node_modules/egg-logrotator/app/schedule/clean_log.js
2019-09-16 10:11:58,687 INFO 4237 [egg-schedule]: register schedule /Users/kunlingwu/MK86/cnode-api/node_modules/egg-logrotator/app/schedule/rotate_by_file.js
2019-09-16 10:11:58,724 INFO 4237 [egg-static] starting static serve /public/ -> /Users/kunlingwu/MK86/cnode-api/app/public
2019-09-16 10:11:58,727 INFO 4237 [egg-security] use csrf middleware
2019-09-16 10:11:58,727 INFO 4237 [egg-security] use methodnoallow middleware
2019-09-16 10:11:58,728 INFO 4237 [egg-security] use noopen middleware
2019-09-16 10:11:58,728 INFO 4237 [egg-security] use nosniff middleware
2019-09-16 10:11:58,728 INFO 4237 [egg-security] use xssProtection middleware
2019-09-16 10:11:58,730 INFO 4237 [egg-security] use xframe middleware
2019-09-16 10:11:58,730 INFO 4237 [egg-security] use dta middleware
2019-09-16 10:11:58,730 INFO 4237 [egg-security] compose 7 middlewares into one security middleware
2019-09-16 10:11:58,739 INFO 4237 [egg:core] dump config after load, 6ms
2019-09-16 10:11:58,757 INFO 4237 [egg-watcher:app] watcher start success
2019-09-16 10:11:58,762 INFO 4237 [egg:core] dump config after ready, 4ms
2019-09-16 10:12:07,881 INFO 4248 [egg:logger] init all loggers with options: {"dir":"/Users/kunlingwu/MK86/cnode-api/logs/cnode-api-async","encoding":"utf8","env":"local","level":"INFO","consoleLevel":"INFO","disableConsoleAfterReady":false,"outputJSON":false,"buffer":true,"appLogName":"cnode-api-async-web.log","coreLogName":"egg-web.log","agentLogName":"egg-agent.log","errorLogName":"common-error.log","coreLogger":{"consoleLevel":"WARN"},"allowDebugAtProd":false,"type":"application"}
2019-09-16 10:12:07,913 INFO 4248 [egg-schedule]: register schedule /Users/kunlingwu/MK86/cnode-api/node_modules/egg-logrotator/app/schedule/clean_log.js
2019-09-16 10:12:07,913 INFO 4248 [egg-schedule]: register schedule /Users/kunlingwu/MK86/cnode-api/node_modules/egg-logrotator/app/schedule/rotate_by_file.js
2019-09-16 10:12:07,956 INFO 4248 [egg-static] starting static serve /public/ -> /Users/kunlingwu/MK86/cnode-api/app/public
2019-09-16 10:12:07,958 INFO 4248 [egg-security] use csrf middleware
2019-09-16 10:12:07,958 INFO 4248 [egg-security] use methodnoallow middleware
2019-09-16 10:12:07,958 INFO 4248 [egg-security] use noopen middleware
2019-09-16 10:12:07,959 INFO 4248 [egg-security] use nosniff middleware
2019-09-16 10:12:07,959 INFO 4248 [egg-security] use xssProtection middleware
2019-09-16 10:12:07,961 INFO 4248 [egg-security] use xframe middleware
2019-09-16 10:12:07,961 INFO 4248 [egg-security] use dta middleware
2019-09-16 10:12:07,961 INFO 4248 [egg-security] compose 7 middlewares into one security middleware
2019-09-16 10:12:07,970 INFO 4248 [egg:core] dump config after load, 5ms
2019-09-16 10:12:07,988 INFO 4248 [egg-watcher:app] watcher start success
2019-09-16 10:12:07,993 INFO 4248 [egg:core] dump config after ready, 3ms
2019-09-16 10:12:08,440 INFO 4250 [egg:logger] init all loggers with options: {"dir":"/Users/kunlingwu/MK86/cnode-api/logs/cnode-api-async","encoding":"utf8","env":"local","level":"INFO","consoleLevel":"INFO","disableConsoleAfterReady":false,"outputJSON":false,"buffer":true,"appLogName":"cnode-api-async-web.log","coreLogName":"egg-web.log","agentLogName":"egg-agent.log","errorLogName":"common-error.log","coreLogger":{"consoleLevel":"WARN"},"allowDebugAtProd":false,"type":"application"}
2019-09-16 10:12:08,469 INFO 4250 [egg-schedule]: register schedule /Users/kunlingwu/MK86/cnode-api/node_modules/egg-logrotator/app/schedule/clean_log.js
2019-09-16 10:12:08,469 INFO 4250 [egg-schedule]: register schedule /Users/kunlingwu/MK86/cnode-api/node_modules/egg-logrotator/app/schedule/rotate_by_file.js
2019-09-16 10:12:08,503 INFO 4250 [egg-static] starting static serve /public/ -> /Users/kunlingwu/MK86/cnode-api/app/public
2019-09-16 10:12:08,505 INFO 4250 [egg-security] use csrf middleware
2019-09-16 10:12:08,505 INFO 4250 [egg-security] use methodnoallow middleware
2019-09-16 10:12:08,505 INFO 4250 [egg-security] use noopen middleware
2019-09-16 10:12:08,506 INFO 4250 [egg-security] use nosniff middleware
2019-09-16 10:12:08,506 INFO 4250 [egg-security] use xssProtection middleware
2019-09-16 10:12:08,508 INFO 4250 [egg-security] use xframe middleware
2019-09-16 10:12:08,508 INFO 4250 [egg-security] use dta middleware
2019-09-16 10:12:08,508 INFO 4250 [egg-security] compose 7 middlewares into one security middleware
2019-09-16 10:12:08,516 INFO 4250 [egg:core] dump config after load, 4ms
2019-09-16 10:12:08,533 INFO 4250 [egg-watcher:app] watcher start success
2019-09-16 10:12:08,537 INFO 4250 [egg:core] dump config after ready, 3ms
2019-09-16 10:12:10,325 INFO 4254 [egg:logger] init all loggers with options: {"dir":"/Users/kunlingwu/MK86/cnode-api/logs/cnode-api-async","encoding":"utf8","env":"local","level":"INFO","consoleLevel":"INFO","disableConsoleAfterReady":false,"outputJSON":false,"buffer":true,"appLogName":"cnode-api-async-web.log","coreLogName":"egg-web.log","agentLogName":"egg-agent.log","errorLogName":"common-error.log","coreLogger":{"consoleLevel":"WARN"},"allowDebugAtProd":false,"type":"application"}
2019-09-16 10:12:10,355 INFO 4254 [egg-schedule]: register schedule /Users/kunlingwu/MK86/cnode-api/node_modules/egg-logrotator/app/schedule/clean_log.js
2019-09-16 10:12:10,355 INFO 4254 [egg-schedule]: register schedule /Users/kunlingwu/MK86/cnode-api/node_modules/egg-logrotator/app/schedule/rotate_by_file.js
2019-09-16 10:12:10,392 INFO 4254 [egg-static] starting static serve /public/ -> /Users/kunlingwu/MK86/cnode-api/app/public
2019-09-16 10:12:10,394 INFO 4254 [egg-security] use csrf middleware
2019-09-16 10:12:10,395 INFO 4254 [egg-security] use methodnoallow middleware
2019-09-16 10:12:10,395 INFO 4254 [egg-security] use noopen middleware
2019-09-16 10:12:10,395 INFO 4254 [egg-security] use nosniff middleware
2019-09-16 10:12:10,396 INFO 4254 [egg-security] use xssProtection middleware
2019-09-16 10:12:10,397 INFO 4254 [egg-security] use xframe middleware
2019-09-16 10:12:10,398 INFO 4254 [egg-security] use dta middleware
2019-09-16 10:12:10,398 INFO 4254 [egg-security] compose 7 middlewares into one security middleware
2019-09-16 10:12:10,406 INFO 4254 [egg:core] dump config after load, 4ms
2019-09-16 10:12:10,429 INFO 4254 [egg-watcher:app] watcher start success
2019-09-16 10:12:10,434 INFO 4254 [egg:core] dump config after ready, 4ms
2019-09-16 10:12:10,846 INFO 4256 [egg:logger] init all loggers with options: {"dir":"/Users/kunlingwu/MK86/cnode-api/logs/cnode-api-async","encoding":"utf8","env":"local","level":"INFO","consoleLevel":"INFO","disableConsoleAfterReady":false,"outputJSON":false,"buffer":true,"appLogName":"cnode-api-async-web.log","coreLogName":"egg-web.log","agentLogName":"egg-agent.log","errorLogName":"common-error.log","coreLogger":{"consoleLevel":"WARN"},"allowDebugAtProd":false,"type":"application"}
2019-09-16 10:12:10,875 INFO 4256 [egg-schedule]: register schedule /Users/kunlingwu/MK86/cnode-api/node_modules/egg-logrotator/app/schedule/clean_log.js
2019-09-16 10:12:10,875 INFO 4256 [egg-schedule]: register schedule /Users/kunlingwu/MK86/cnode-api/node_modules/egg-logrotator/app/schedule/rotate_by_file.js
2019-09-16 10:12:10,908 INFO 4256 [egg-static] starting static serve /public/ -> /Users/kunlingwu/MK86/cnode-api/app/public
2019-09-16 10:12:10,909 INFO 4256 [egg-security] use csrf middleware
2019-09-16 10:12:10,910 INFO 4256 [egg-security] use methodnoallow middleware
2019-09-16 10:12:10,910 INFO 4256 [egg-security] use noopen middleware
2019-09-16 10:12:10,910 INFO 4256 [egg-security] use nosniff middleware
2019-09-16 10:12:10,911 INFO 4256 [egg-security] use xssProtection middleware
2019-09-16 10:12:10,913 INFO 4256 [egg-security] use xframe middleware
2019-09-16 10:12:10,913 INFO 4256 [egg-security] use dta middleware
2019-09-16 10:12:10,913 INFO 4256 [egg-security] compose 7 middlewares into one security middleware
2019-09-16 10:12:10,921 INFO 4256 [egg:core] dump config after load, 5ms
2019-09-16 10:12:10,943 INFO 4256 [egg-watcher:app] watcher start success
2019-09-16 10:12:10,947 INFO 4256 [egg:core] dump config after ready, 3ms
2019-09-16 10:12:23,700 INFO 4269 [egg:logger] init all loggers with options: {"dir":"/Users/kunlingwu/MK86/cnode-api/logs/cnode-api-async","encoding":"utf8","env":"local","level":"INFO","consoleLevel":"INFO","disableConsoleAfterReady":false,"outputJSON":false,"buffer":true,"appLogName":"cnode-api-async-web.log","coreLogName":"egg-web.log","agentLogName":"egg-agent.log","errorLogName":"common-error.log","coreLogger":{"consoleLevel":"WARN"},"allowDebugAtProd":false,"type":"application"}
2019-09-16 10:12:23,728 INFO 4269 [egg-schedule]: register schedule /Users/kunlingwu/MK86/cnode-api/node_modules/egg-logrotator/app/schedule/clean_log.js
2019-09-16 10:12:23,728 INFO 4269 [egg-schedule]: register schedule /Users/kunlingwu/MK86/cnode-api/node_modules/egg-logrotator/app/schedule/rotate_by_file.js
2019-09-16 10:12:23,766 INFO 4269 [egg-static] starting static serve /public/ -> /Users/kunlingwu/MK86/cnode-api/app/public
2019-09-16 10:12:23,767 INFO 4269 [egg-security] use csrf middleware
2019-09-16 10:12:23,768 INFO 4269 [egg-security] use methodnoallow middleware
2019-09-16 10:12:23,768 INFO 4269 [egg-security] use noopen middleware
2019-09-16 10:12:23,768 INFO 4269 [egg-security] use nosniff middleware
2019-09-16 10:12:23,769 INFO 4269 [egg-security] use xssProtection middleware
2019-09-16 10:12:23,771 INFO 4269 [egg-security] use xframe middleware
2019-09-16 10:12:23,771 INFO 4269 [egg-security] use dta middleware
2019-09-16 10:12:23,771 INFO 4269 [egg-security] compose 7 middlewares into one security middleware
2019-09-16 10:12:23,780 INFO 4269 [egg:core] dump config after load, 5ms
2019-09-16 10:12:23,799 INFO 4269 [egg-watcher:app] watcher start success
2019-09-16 10:12:23,803 INFO 4269 [egg:core] dump config after ready, 3ms
2019-09-16 10:12:25,248 INFO 4272 [egg:logger] init all loggers with options: {"dir":"/Users/kunlingwu/MK86/cnode-api/logs/cnode-api-async","encoding":"utf8","env":"local","level":"INFO","consoleLevel":"INFO","disableConsoleAfterReady":false,"outputJSON":false,"buffer":true,"appLogName":"cnode-api-async-web.log","coreLogName":"egg-web.log","agentLogName":"egg-agent.log","errorLogName":"common-error.log","coreLogger":{"consoleLevel":"WARN"},"allowDebugAtProd":false,"type":"application"}
2019-09-16 10:12:25,274 INFO 4272 [egg-schedule]: register schedule /Users/kunlingwu/MK86/cnode-api/node_modules/egg-logrotator/app/schedule/clean_log.js
2019-09-16 10:12:25,274 INFO 4272 [egg-schedule]: register schedule /Users/kunlingwu/MK86/cnode-api/node_modules/egg-logrotator/app/schedule/rotate_by_file.js
2019-09-16 10:12:25,308 INFO 4272 [egg-static] starting static serve /public/ -> /Users/kunlingwu/MK86/cnode-api/app/public
2019-09-16 10:12:25,310 INFO 4272 [egg-security] use csrf middleware
2019-09-16 10:12:25,311 INFO 4272 [egg-security] use methodnoallow middleware
2019-09-16 10:12:25,311 INFO 4272 [egg-security] use noopen middleware
2019-09-16 10:12:25,312 INFO 4272 [egg-security] use nosniff middleware
2019-09-16 10:12:25,312 INFO 4272 [egg-security] use xssProtection middleware
2019-09-16 10:12:25,314 INFO 4272 [egg-security] use xframe middleware
2019-09-16 10:12:25,314 INFO 4272 [egg-security] use dta middleware
2019-09-16 10:12:25,314 INFO 4272 [egg-security] compose 7 middlewares into one security middleware
2019-09-16 10:12:25,321 INFO 4272 [egg:core] dump config after load, 4ms
2019-09-16 10:12:25,338 INFO 4272 [egg-watcher:app] watcher start success
2019-09-16 10:12:25,342 INFO 4272 [egg:core] dump config after ready, 3ms
2019-09-16 10:12:39,996 INFO 4295 [egg:logger] init all loggers with options: {"dir":"/Users/kunlingwu/MK86/cnode-api/logs/cnode-api-async","encoding":"utf8","env":"local","level":"INFO","consoleLevel":"INFO","disableConsoleAfterReady":false,"outputJSON":false,"buffer":true,"appLogName":"cnode-api-async-web.log","coreLogName":"egg-web.log","agentLogName":"egg-agent.log","errorLogName":"common-error.log","coreLogger":{"consoleLevel":"WARN"},"allowDebugAtProd":false,"type":"application"}
2019-09-16 10:12:40,022 INFO 4295 [egg-schedule]: register schedule /Users/kunlingwu/MK86/cnode-api/node_modules/egg-logrotator/app/schedule/clean_log.js
2019-09-16 10:12:40,022 INFO 4295 [egg-schedule]: register schedule /Users/kunlingwu/MK86/cnode-api/node_modules/egg-logrotator/app/schedule/rotate_by_file.js
2019-09-16 10:12:40,056 INFO 4295 [egg-static] starting static serve /public/ -> /Users/kunlingwu/MK86/cnode-api/app/public
2019-09-16 10:12:40,061 INFO 4295 [egg-security] use csrf middleware
2019-09-16 10:12:40,064 INFO 4295 [egg-security] use methodnoallow middleware
2019-09-16 10:12:40,066 INFO 4295 [egg-security] use noopen middleware
2019-09-16 10:12:40,066 INFO 4295 [egg-security] use nosniff middleware
2019-09-16 10:12:40,067 INFO 4295 [egg-security] use xssProtection middleware
2019-09-16 10:12:40,072 INFO 4295 [egg-security] use xframe middleware
2019-09-16 10:12:40,072 INFO 4295 [egg-security] use dta middleware
2019-09-16 10:12:40,073 INFO 4295 [egg-security] compose 7 middlewares into one security middleware
2019-09-16 10:12:40,090 INFO 4295 [egg:core] dump config after load, 11ms
2019-09-16 10:12:40,116 INFO 4295 [egg-watcher:app] watcher start success
2019-09-16 10:12:40,120 INFO 4295 [egg:core] dump config after ready, 3ms
2019-09-16 10:13:22,333 INFO 4334 [egg:logger] init all loggers with options: {"dir":"/Users/kunlingwu/MK86/cnode-api/logs/cnode-api-async","encoding":"utf8","env":"local","level":"INFO","consoleLevel":"INFO","disableConsoleAfterReady":false,"outputJSON":false,"buffer":true,"appLogName":"cnode-api-async-web.log","coreLogName":"egg-web.log","agentLogName":"egg-agent.log","errorLogName":"common-error.log","coreLogger":{"consoleLevel":"WARN"},"allowDebugAtProd":false,"type":"application"}
2019-09-16 10:13:22,360 INFO 4334 [egg-schedule]: register schedule /Users/kunlingwu/MK86/cnode-api/node_modules/egg-logrotator/app/schedule/clean_log.js
2019-09-16 10:13:22,360 INFO 4334 [egg-schedule]: register schedule /Users/kunlingwu/MK86/cnode-api/node_modules/egg-logrotator/app/schedule/rotate_by_file.js
2019-09-16 10:13:22,394 INFO 4334 [egg-static] starting static serve /public/ -> /Users/kunlingwu/MK86/cnode-api/app/public
2019-09-16 10:13:22,396 INFO 4334 [egg-security] use csrf middleware
2019-09-16 10:13:22,397 INFO 4334 [egg-security] use methodnoallow middleware
2019-09-16 10:13:22,397 INFO 4334 [egg-security] use noopen middleware
2019-09-16 10:13:22,397 INFO 4334 [egg-security] use nosniff middleware
2019-09-16 10:13:22,398 INFO 4334 [egg-security] use xssProtection middleware
2019-09-16 10:13:22,399 INFO 4334 [egg-security] use xframe middleware
2019-09-16 10:13:22,400 INFO 4334 [egg-security] use dta middleware
2019-09-16 10:13:22,400 INFO 4334 [egg-security] compose 7 middlewares into one security middleware
2019-09-16 10:13:22,407 INFO 4334 [egg:core] dump config after load, 4ms
2019-09-16 10:13:22,427 INFO 4334 [egg-watcher:app] watcher start success
2019-09-16 10:13:22,438 INFO 4334 [egg:core] dump config after ready, 7ms
2019-09-16 10:13:40,760 INFO 4348 [egg:logger] init all loggers with options: {"dir":"/Users/kunlingwu/MK86/cnode-api/logs/cnode-api-async","encoding":"utf8","env":"local","level":"INFO","consoleLevel":"INFO","disableConsoleAfterReady":false,"outputJSON":false,"buffer":true,"appLogName":"cnode-api-async-web.log","coreLogName":"egg-web.log","agentLogName":"egg-agent.log","errorLogName":"common-error.log","coreLogger":{"consoleLevel":"WARN"},"allowDebugAtProd":false,"type":"application"}
2019-09-16 10:13:40,786 INFO 4348 [egg-schedule]: register schedule /Users/kunlingwu/MK86/cnode-api/node_modules/egg-logrotator/app/schedule/clean_log.js
2019-09-16 10:13:40,786 INFO 4348 [egg-schedule]: register schedule /Users/kunlingwu/MK86/cnode-api/node_modules/egg-logrotator/app/schedule/rotate_by_file.js
2019-09-16 10:13:40,819 INFO 4348 [egg-static] starting static serve /public/ -> /Users/kunlingwu/MK86/cnode-api/app/public
2019-09-16 10:13:40,821 INFO 4348 [egg-security] use csrf middleware
2019-09-16 10:13:40,821 INFO 4348 [egg-security] use methodnoallow middleware
2019-09-16 10:13:40,822 INFO 4348 [egg-security] use noopen middleware
2019-09-16 10:13:40,822 INFO 4348 [egg-security] use nosniff middleware
2019-09-16 10:13:40,822 INFO 4348 [egg-security] use xssProtection middleware
2019-09-16 10:13:40,824 INFO 4348 [egg-security] use xframe middleware
2019-09-16 10:13:40,824 INFO 4348 [egg-security] use dta middleware
2019-09-16 10:13:40,824 INFO 4348 [egg-security] compose 7 middlewares into one security middleware
2019-09-16 10:13:40,832 INFO 4348 [egg:core] dump config after load, 4ms
2019-09-16 10:13:40,854 INFO 4348 [egg-watcher:app] watcher start success
2019-09-16 10:13:40,858 INFO 4348 [egg:core] dump config after ready, 3ms
2019-09-16 10:13:48,141 INFO 4355 [egg:logger] init all loggers with options: {"dir":"/Users/kunlingwu/MK86/cnode-api/logs/cnode-api-async","encoding":"utf8","env":"local","level":"INFO","consoleLevel":"INFO","disableConsoleAfterReady":false,"outputJSON":false,"buffer":true,"appLogName":"cnode-api-async-web.log","coreLogName":"egg-web.log","agentLogName":"egg-agent.log","errorLogName":"common-error.log","coreLogger":{"consoleLevel":"WARN"},"allowDebugAtProd":false,"type":"application"}
2019-09-16 10:13:48,167 INFO 4355 [egg-schedule]: register schedule /Users/kunlingwu/MK86/cnode-api/node_modules/egg-logrotator/app/schedule/clean_log.js
2019-09-16 10:13:48,167 INFO 4355 [egg-schedule]: register schedule /Users/kunlingwu/MK86/cnode-api/node_modules/egg-logrotator/app/schedule/rotate_by_file.js
2019-09-16 10:13:48,202 INFO 4355 [egg-static] starting static serve /public/ -> /Users/kunlingwu/MK86/cnode-api/app/public
2019-09-16 10:13:48,204 INFO 4355 [egg-security] use csrf middleware
2019-09-16 10:13:48,204 INFO 4355 [egg-security] use methodnoallow middleware
2019-09-16 10:13:48,204 INFO 4355 [egg-security] use noopen middleware
2019-09-16 10:13:48,205 INFO 4355 [egg-security] use nosniff middleware
2019-09-16 10:13:48,205 INFO 4355 [egg-security] use xssProtection middleware
2019-09-16 10:13:48,207 INFO 4355 [egg-security] use xframe middleware
2019-09-16 10:13:48,207 INFO 4355 [egg-security] use dta middleware
2019-09-16 10:13:48,207 INFO 4355 [egg-security] compose 7 middlewares into one security middleware
2019-09-16 10:13:48,214 INFO 4355 [egg:core] dump config after load, 4ms
2019-09-16 10:13:48,232 INFO 4355 [egg-watcher:app] watcher start success
2019-09-16 10:13:48,236 INFO 4355 [egg:core] dump config after ready, 3ms
2019-09-16 10:15:08,762 INFO 4428 [egg:logger] init all loggers with options: {"dir":"/Users/kunlingwu/MK86/cnode-api/logs/cnode-api-async","encoding":"utf8","env":"local","level":"INFO","consoleLevel":"INFO","disableConsoleAfterReady":false,"outputJSON":false,"buffer":true,"appLogName":"cnode-api-async-web.log","coreLogName":"egg-web.log","agentLogName":"egg-agent.log","errorLogName":"common-error.log","coreLogger":{"consoleLevel":"WARN"},"allowDebugAtProd":false,"type":"application"}
2019-09-16 10:15:08,787 INFO 4428 [egg-schedule]: register schedule /Users/kunlingwu/MK86/cnode-api/node_modules/egg-logrotator/app/schedule/clean_log.js
2019-09-16 10:15:08,788 INFO 4428 [egg-schedule]: register schedule /Users/kunlingwu/MK86/cnode-api/node_modules/egg-logrotator/app/schedule/rotate_by_file.js
2019-09-16 10:15:08,821 INFO 4428 [egg-static] starting static serve /public/ -> /Users/kunlingwu/MK86/cnode-api/app/public
2019-09-16 10:15:08,822 INFO 4428 [egg-security] use csrf middleware
2019-09-16 10:15:08,823 INFO 4428 [egg-security] use methodnoallow middleware
2019-09-16 10:15:08,823 INFO 4428 [egg-security] use noopen middleware
2019-09-16 10:15:08,823 INFO 4428 [egg-security] use nosniff middleware
2019-09-16 10:15:08,824 INFO 4428 [egg-security] use xssProtection middleware
2019-09-16 10:15:08,826 INFO 4428 [egg-security] use xframe middleware
2019-09-16 10:15:08,826 INFO 4428 [egg-security] use dta middleware
2019-09-16 10:15:08,826 INFO 4428 [egg-security] compose 7 middlewares into one security middleware
2019-09-16 10:15:08,842 INFO 4428 [egg:core] dump config after load, 5ms
2019-09-16 10:15:08,864 INFO 4428 [egg-watcher:app] watcher start success
2019-09-16 10:15:08,869 INFO 4428 [egg:core] dump config after ready, 3ms
2019-09-16 10:15:09,242 INFO 4430 [egg:logger] init all loggers with options: {"dir":"/Users/kunlingwu/MK86/cnode-api/logs/cnode-api-async","encoding":"utf8","env":"local","level":"INFO","consoleLevel":"INFO","disableConsoleAfterReady":false,"outputJSON":false,"buffer":true,"appLogName":"cnode-api-async-web.log","coreLogName":"egg-web.log","agentLogName":"egg-agent.log","errorLogName":"common-error.log","coreLogger":{"consoleLevel":"WARN"},"allowDebugAtProd":false,"type":"application"}
2019-09-16 10:15:09,269 INFO 4430 [egg-schedule]: register schedule /Users/kunlingwu/MK86/cnode-api/node_modules/egg-logrotator/app/schedule/clean_log.js
2019-09-16 10:15:09,269 INFO 4430 [egg-schedule]: register schedule /Users/kunlingwu/MK86/cnode-api/node_modules/egg-logrotator/app/schedule/rotate_by_file.js
2019-09-16 10:15:09,303 INFO 4430 [egg-static] starting static serve /public/ -> /Users/kunlingwu/MK86/cnode-api/app/public
2019-09-16 10:15:09,305 INFO 4430 [egg-security] use csrf middleware
2019-09-16 10:15:09,305 INFO 4430 [egg-security] use methodnoallow middleware
2019-09-16 10:15:09,306 INFO 4430 [egg-security] use noopen middleware
2019-09-16 10:15:09,306 INFO 4430 [egg-security] use nosniff middleware
2019-09-16 10:15:09,306 INFO 4430 [egg-security] use xssProtection middleware
2019-09-16 10:15:09,308 INFO 4430 [egg-security] use xframe middleware
2019-09-16 10:15:09,309 INFO 4430 [egg-security] use dta middleware
2019-09-16 10:15:09,309 INFO 4430 [egg-security] compose 7 middlewares into one security middleware
2019-09-16 10:15:09,316 INFO 4430 [egg:core] dump config after load, 5ms
2019-09-16 10:15:09,334 INFO 4430 [egg-watcher:app] watcher start success
2019-09-16 10:15:09,339 INFO 4430 [egg:core] dump config after ready, 3ms
2019-09-16 10:15:54,672 INFO 4480 [egg:logger] init all loggers with options: {"dir":"/Users/kunlingwu/MK86/cnode-api/logs/cnode-api-async","encoding":"utf8","env":"local","level":"INFO","consoleLevel":"INFO","disableConsoleAfterReady":false,"outputJSON":false,"buffer":true,"appLogName":"cnode-api-async-web.log","coreLogName":"egg-web.log","agentLogName":"egg-agent.log","errorLogName":"common-error.log","coreLogger":{"consoleLevel":"WARN"},"allowDebugAtProd":false,"type":"application"}
2019-09-16 10:15:54,698 INFO 4480 [egg-schedule]: register schedule /Users/kunlingwu/MK86/cnode-api/node_modules/egg-logrotator/app/schedule/clean_log.js
2019-09-16 10:15:54,698 INFO 4480 [egg-schedule]: register schedule /Users/kunlingwu/MK86/cnode-api/node_modules/egg-logrotator/app/schedule/rotate_by_file.js
2019-09-16 10:15:54,732 INFO 4480 [egg-static] starting static serve /public/ -> /Users/kunlingwu/MK86/cnode-api/app/public
2019-09-16 10:15:54,734 INFO 4480 [egg-security] use csrf middleware
2019-09-16 10:15:54,735 INFO 4480 [egg-security] use methodnoallow middleware
2019-09-16 10:15:54,735 INFO 4480 [egg-security] use noopen middleware
2019-09-16 10:15:54,735 INFO 4480 [egg-security] use nosniff middleware
2019-09-16 10:15:54,735 INFO 4480 [egg-security] use xssProtection middleware
2019-09-16 10:15:54,737 INFO 4480 [egg-security] use xframe middleware
2019-09-16 10:15:54,737 INFO 4480 [egg-security] use dta middleware
2019-09-16 10:15:54,737 INFO 4480 [egg-security] compose 7 middlewares into one security middleware
2019-09-16 10:15:54,745 INFO 4480 [egg:core] dump config after load, 4ms
2019-09-16 10:15:54,762 INFO 4480 [egg-watcher:app] watcher start success
2019-09-16 10:15:54,766 INFO 4480 [egg:core] dump config after ready, 3ms
2019-09-16 10:15:57,286 INFO 4483 [egg:logger] init all loggers with options: {"dir":"/Users/kunlingwu/MK86/cnode-api/logs/cnode-api-async","encoding":"utf8","env":"local","level":"INFO","consoleLevel":"INFO","disableConsoleAfterReady":false,"outputJSON":false,"buffer":true,"appLogName":"cnode-api-async-web.log","coreLogName":"egg-web.log","agentLogName":"egg-agent.log","errorLogName":"common-error.log","coreLogger":{"consoleLevel":"WARN"},"allowDebugAtProd":false,"type":"application"}
2019-09-16 10:15:57,312 INFO 4483 [egg-schedule]: register schedule /Users/kunlingwu/MK86/cnode-api/node_modules/egg-logrotator/app/schedule/clean_log.js
2019-09-16 10:15:57,312 INFO 4483 [egg-schedule]: register schedule /Users/kunlingwu/MK86/cnode-api/node_modules/egg-logrotator/app/schedule/rotate_by_file.js
2019-09-16 10:15:57,345 INFO 4483 [egg-static] starting static serve /public/ -> /Users/kunlingwu/MK86/cnode-api/app/public
2019-09-16 10:15:57,347 INFO 4483 [egg-security] use csrf middleware
2019-09-16 10:15:57,347 INFO 4483 [egg-security] use methodnoallow middleware
2019-09-16 10:15:57,347 INFO 4483 [egg-security] use noopen middleware
2019-09-16 10:15:57,348 INFO 4483 [egg-security] use nosniff middleware
2019-09-16 10:15:57,348 INFO 4483 [egg-security] use xssProtection middleware
2019-09-16 10:15:57,350 INFO 4483 [egg-security] use xframe middleware
2019-09-16 10:15:57,350 INFO 4483 [egg-security] use dta middleware
2019-09-16 10:15:57,350 INFO 4483 [egg-security] compose 7 middlewares into one security middleware
2019-09-16 10:15:57,357 INFO 4483 [egg:core] dump config after load, 4ms
2019-09-16 10:15:57,375 INFO 4483 [egg-watcher:app] watcher start success
2019-09-16 10:15:57,379 INFO 4483 [egg:core] dump config after ready, 2ms
2019-09-16 10:15:59,505 INFO 4486 [egg:logger] init all loggers with options: {"dir":"/Users/kunlingwu/MK86/cnode-api/logs/cnode-api-async","encoding":"utf8","env":"local","level":"INFO","consoleLevel":"INFO","disableConsoleAfterReady":false,"outputJSON":false,"buffer":true,"appLogName":"cnode-api-async-web.log","coreLogName":"egg-web.log","agentLogName":"egg-agent.log","errorLogName":"common-error.log","coreLogger":{"consoleLevel":"WARN"},"allowDebugAtProd":false,"type":"application"}
2019-09-16 10:15:59,534 INFO 4486 [egg-schedule]: register schedule /Users/kunlingwu/MK86/cnode-api/node_modules/egg-logrotator/app/schedule/clean_log.js
2019-09-16 10:15:59,534 INFO 4486 [egg-schedule]: register schedule /Users/kunlingwu/MK86/cnode-api/node_modules/egg-logrotator/app/schedule/rotate_by_file.js
2019-09-16 10:15:59,571 INFO 4486 [egg-static] starting static serve /public/ -> /Users/kunlingwu/MK86/cnode-api/app/public
2019-09-16 10:15:59,573 INFO 4486 [egg-security] use csrf middleware
2019-09-16 10:15:59,573 INFO 4486 [egg-security] use methodnoallow middleware
2019-09-16 10:15:59,574 INFO 4486 [egg-security] use noopen middleware
2019-09-16 10:15:59,574 INFO 4486 [egg-security] use nosniff middleware
2019-09-16 10:15:59,574 INFO 4486 [egg-security] use xssProtection middleware
2019-09-16 10:15:59,576 INFO 4486 [egg-security] use xframe middleware
2019-09-16 10:15:59,576 INFO 4486 [egg-security] use dta middleware
2019-09-16 10:15:59,576 INFO 4486 [egg-security] compose 7 middlewares into one security middleware
2019-09-16 10:15:59,585 INFO 4486 [egg:core] dump config after load, 5ms
2019-09-16 10:15:59,603 INFO 4486 [egg-watcher:app] watcher start success
2019-09-16 10:15:59,607 INFO 4486 [egg:core] dump config after ready, 3ms
2019-09-16 10:16:02,325 INFO 4490 [egg:logger] init all loggers with options: {"dir":"/Users/kunlingwu/MK86/cnode-api/logs/cnode-api-async","encoding":"utf8","env":"local","level":"INFO","consoleLevel":"INFO","disableConsoleAfterReady":false,"outputJSON":false,"buffer":true,"appLogName":"cnode-api-async-web.log","coreLogName":"egg-web.log","agentLogName":"egg-agent.log","errorLogName":"common-error.log","coreLogger":{"consoleLevel":"WARN"},"allowDebugAtProd":false,"type":"application"}
2019-09-16 10:16:02,352 INFO 4490 [egg-schedule]: register schedule /Users/kunlingwu/MK86/cnode-api/node_modules/egg-logrotator/app/schedule/clean_log.js
2019-09-16 10:16:02,352 INFO 4490 [egg-schedule]: register schedule /Users/kunlingwu/MK86/cnode-api/node_modules/egg-logrotator/app/schedule/rotate_by_file.js
2019-09-16 10:16:02,389 INFO 4490 [egg-static] starting static serve /public/ -> /Users/kunlingwu/MK86/cnode-api/app/public
2019-09-16 10:16:02,391 INFO 4490 [egg-security] use csrf middleware
2019-09-16 10:16:02,392 INFO 4490 [egg-security] use methodnoallow middleware
2019-09-16 10:16:02,392 INFO 4490 [egg-security] use noopen middleware
2019-09-16 10:16:02,392 INFO 4490 [egg-security] use nosniff middleware
2019-09-16 10:16:02,393 INFO 4490 [egg-security] use xssProtection middleware
2019-09-16 10:16:02,394 INFO 4490 [egg-security] use xframe middleware
2019-09-16 10:16:02,395 INFO 4490 [egg-security] use dta middleware
2019-09-16 10:16:02,395 INFO 4490 [egg-security] compose 7 middlewares into one security middleware
2019-09-16 10:16:02,407 INFO 4490 [egg:core] dump config after load, 7ms
2019-09-16 10:16:02,427 INFO 4490 [egg-watcher:app] watcher start success
2019-09-16 10:16:02,433 INFO 4490 [egg:core] dump config after ready, 4ms
2019-09-16 10:16:02,838 INFO 4492 [egg:logger] init all loggers with options: {"dir":"/Users/kunlingwu/MK86/cnode-api/logs/cnode-api-async","encoding":"utf8","env":"local","level":"INFO","consoleLevel":"INFO","disableConsoleAfterReady":false,"outputJSON":false,"buffer":true,"appLogName":"cnode-api-async-web.log","coreLogName":"egg-web.log","agentLogName":"egg-agent.log","errorLogName":"common-error.log","coreLogger":{"consoleLevel":"WARN"},"allowDebugAtProd":false,"type":"application"}
2019-09-16 10:16:02,868 INFO 4492 [egg-schedule]: register schedule /Users/kunlingwu/MK86/cnode-api/node_modules/egg-logrotator/app/schedule/clean_log.js
2019-09-16 10:16:02,868 INFO 4492 [egg-schedule]: register schedule /Users/kunlingwu/MK86/cnode-api/node_modules/egg-logrotator/app/schedule/rotate_by_file.js
2019-09-16 10:16:02,908 INFO 4492 [egg-static] starting static serve /public/ -> /Users/kunlingwu/MK86/cnode-api/app/public
2019-09-16 10:16:02,910 INFO 4492 [egg-security] use csrf middleware
2019-09-16 10:16:02,911 INFO 4492 [egg-security] use methodnoallow middleware
2019-09-16 10:16:02,911 INFO 4492 [egg-security] use noopen middleware
2019-09-16 10:16:02,911 INFO 4492 [egg-security] use nosniff middleware
2019-09-16 10:16:02,912 INFO 4492 [egg-security] use xssProtection middleware
2019-09-16 10:16:02,914 INFO 4492 [egg-security] use xframe middleware
2019-09-16 10:16:02,915 INFO 4492 [egg-security] use dta middleware
2019-09-16 10:16:02,915 INFO 4492 [egg-security] compose 7 middlewares into one security middleware
2019-09-16 10:16:02,923 INFO 4492 [egg:core] dump config after load, 5ms
2019-09-16 10:16:02,943 INFO 4492 [egg-watcher:app] watcher start success
2019-09-16 10:16:02,948 INFO 4492 [egg:core] dump config after ready, 3ms
2019-09-16 16:18:30,956 INFO 7984 [egg:logger] init all loggers with options: {"dir":"/Users/kunlingwu/MK86/cnode-api/logs/cnode-api-async","encoding":"utf8","env":"local","level":"INFO","consoleLevel":"INFO","disableConsoleAfterReady":false,"outputJSON":false,"buffer":true,"appLogName":"cnode-api-async-web.log","coreLogName":"egg-web.log","agentLogName":"egg-agent.log","errorLogName":"common-error.log","coreLogger":{"consoleLevel":"WARN"},"allowDebugAtProd":false,"type":"application"}
2019-09-16 16:18:30,991 INFO 7984 [egg-schedule]: register schedule /Users/kunlingwu/MK86/cnode-api/node_modules/egg-logrotator/app/schedule/clean_log.js
2019-09-16 16:18:30,991 INFO 7984 [egg-schedule]: register schedule /Users/kunlingwu/MK86/cnode-api/node_modules/egg-logrotator/app/schedule/rotate_by_file.js
2019-09-16 16:18:31,095 INFO 7984 [egg-static] starting static serve /public/ -> /Users/kunlingwu/MK86/cnode-api/app/public
2019-09-16 16:18:31,097 INFO 7984 [egg-security] use csrf middleware
2019-09-16 16:18:31,098 INFO 7984 [egg-security] use methodnoallow middleware
2019-09-16 16:18:31,099 INFO 7984 [egg-security] use noopen middleware
2019-09-16 16:18:31,101 INFO 7984 [egg-security] use nosniff middleware
2019-09-16 16:18:31,102 INFO 7984 [egg-security] use xssProtection middleware
2019-09-16 16:18:31,103 INFO 7984 [egg-security] use xframe middleware
2019-09-16 16:18:31,103 INFO 7984 [egg-security] use dta middleware
2019-09-16 16:18:31,103 INFO 7984 [egg-security] compose 7 middlewares into one security middleware
2019-09-16 16:18:31,118 INFO 7984 [egg:core] dump config after load, 6ms
2019-09-16 16:18:31,132 INFO 7984 [egg-watcher:app] watcher start success
2019-09-16 16:18:31,137 INFO 7984 [egg:core] dump config after ready, 3ms
2019-09-16 16:19:17,952 INFO 8046 [egg:logger] init all loggers with options: {"dir":"/Users/kunlingwu/MK86/cnode-api/logs/cnode-api-async","encoding":"utf8","env":"local","level":"INFO","consoleLevel":"INFO","disableConsoleAfterReady":false,"outputJSON":false,"buffer":true,"appLogName":"cnode-api-async-web.log","coreLogName":"egg-web.log","agentLogName":"egg-agent.log","errorLogName":"common-error.log","coreLogger":{"consoleLevel":"WARN"},"allowDebugAtProd":false,"type":"application"}
2019-09-16 16:19:18,005 INFO 8046 [egg-schedule]: register schedule /Users/kunlingwu/MK86/cnode-api/node_modules/egg-logrotator/app/schedule/clean_log.js
2019-09-16 16:19:18,005 INFO 8046 [egg-schedule]: register schedule /Users/kunlingwu/MK86/cnode-api/node_modules/egg-logrotator/app/schedule/rotate_by_file.js
2019-09-16 16:19:18,109 INFO 8046 [egg-static] starting static serve /public/ -> /Users/kunlingwu/MK86/cnode-api/app/public
2019-09-16 16:19:18,111 INFO 8046 [egg-security] use csrf middleware
2019-09-16 16:19:18,113 INFO 8046 [egg-security] use methodnoallow middleware
2019-09-16 16:19:18,113 INFO 8046 [egg-security] use noopen middleware
2019-09-16 16:19:18,114 INFO 8046 [egg-security] use nosniff middleware
2019-09-16 16:19:18,115 INFO 8046 [egg-security] use xssProtection middleware
2019-09-16 16:19:18,116 INFO 8046 [egg-security] use xframe middleware
2019-09-16 16:19:18,116 INFO 8046 [egg-security] use dta middleware
2019-09-16 16:19:18,116 INFO 8046 [egg-security] compose 7 middlewares into one security middleware
2019-09-16 16:19:18,126 INFO 8046 [egg:core] dump config after load, 5ms
2019-09-16 16:19:18,149 INFO 8046 [egg-watcher:app] watcher start success
2019-09-16 16:19:18,155 INFO 8046 [egg:core] dump config after ready, 4ms
2019-09-16 16:19:20,580 INFO 8062 [egg:logger] init all loggers with options: {"dir":"/Users/kunlingwu/MK86/cnode-api/logs/cnode-api-async","encoding":"utf8","env":"local","level":"INFO","consoleLevel":"INFO","disableConsoleAfterReady":false,"outputJSON":false,"buffer":true,"appLogName":"cnode-api-async-web.log","coreLogName":"egg-web.log","agentLogName":"egg-agent.log","errorLogName":"common-error.log","coreLogger":{"consoleLevel":"WARN"},"allowDebugAtProd":false,"type":"application"}
2019-09-16 16:19:20,608 INFO 8062 [egg-schedule]: register schedule /Users/kunlingwu/MK86/cnode-api/node_modules/egg-logrotator/app/schedule/clean_log.js
2019-09-16 16:19:20,608 INFO 8062 [egg-schedule]: register schedule /Users/kunlingwu/MK86/cnode-api/node_modules/egg-logrotator/app/schedule/rotate_by_file.js
2019-09-16 16:19:20,670 INFO 8062 [egg-static] starting static serve /public/ -> /Users/kunlingwu/MK86/cnode-api/app/public
2019-09-16 16:19:20,672 INFO 8062 [egg-security] use csrf middleware
2019-09-16 16:19:20,672 INFO 8062 [egg-security] use methodnoallow middleware
2019-09-16 16:19:20,673 INFO 8062 [egg-security] use noopen middleware
2019-09-16 16:19:20,673 INFO 8062 [egg-security] use nosniff middleware
2019-09-16 16:19:20,673 INFO 8062 [egg-security] use xssProtection middleware
2019-09-16 16:19:20,673 INFO 8062 [egg-security] use xframe middleware
2019-09-16 16:19:20,674 INFO 8062 [egg-security] use dta middleware
2019-09-16 16:19:20,674 INFO 8062 [egg-security] compose 7 middlewares into one security middleware
2019-09-16 16:19:20,685 INFO 8062 [egg:core] dump config after load, 5ms
2019-09-16 16:19:20,696 INFO 8062 [egg-watcher:app] watcher start success
2019-09-16 16:19:20,701 INFO 8062 [egg:core] dump config after ready, 3ms
2019-09-16 16:19:29,702 INFO 8097 [egg:logger] init all loggers with options: {"dir":"/Users/kunlingwu/MK86/cnode-api/logs/cnode-api-async","encoding":"utf8","env":"local","level":"INFO","consoleLevel":"INFO","disableConsoleAfterReady":false,"outputJSON":false,"buffer":true,"appLogName":"cnode-api-async-web.log","coreLogName":"egg-web.log","agentLogName":"egg-agent.log","errorLogName":"common-error.log","coreLogger":{"consoleLevel":"WARN"},"allowDebugAtProd":false,"type":"application"}
2019-09-16 16:19:29,730 INFO 8097 [egg-schedule]: register schedule /Users/kunlingwu/MK86/cnode-api/node_modules/egg-logrotator/app/schedule/clean_log.js
2019-09-16 16:19:29,730 INFO 8097 [egg-schedule]: register schedule /Users/kunlingwu/MK86/cnode-api/node_modules/egg-logrotator/app/schedule/rotate_by_file.js
2019-09-16 16:19:29,808 INFO 8097 [egg-static] starting static serve /public/ -> /Users/kunlingwu/MK86/cnode-api/app/public
2019-09-16 16:19:29,810 INFO 8097 [egg-security] use csrf middleware
2019-09-16 16:19:29,810 INFO 8097 [egg-security] use methodnoallow middleware
2019-09-16 16:19:29,810 INFO 8097 [egg-security] use noopen middleware
2019-09-16 16:19:29,811 INFO 8097 [egg-security] use nosniff middleware
2019-09-16 16:19:29,811 INFO 8097 [egg-security] use xssProtection middleware
2019-09-16 16:19:29,811 INFO 8097 [egg-security] use xframe middleware
2019-09-16 16:19:29,811 INFO 8097 [egg-security] use dta middleware
2019-09-16 16:19:29,811 INFO 8097 [egg-security] compose 7 middlewares into one security middleware
2019-09-16 16:19:29,829 INFO 8097 [egg:core] dump config after load, 10ms
2019-09-16 16:19:29,843 INFO 8097 [egg-watcher:app] watcher start success
2019-09-16 16:19:29,850 INFO 8097 [egg:core] dump config after ready, 4ms
2019-09-16 16:19:36,870 INFO 8126 [egg:logger] init all loggers with options: {"dir":"/Users/kunlingwu/MK86/cnode-api/logs/cnode-api-async","encoding":"utf8","env":"local","level":"INFO","consoleLevel":"INFO","disableConsoleAfterReady":false,"outputJSON":false,"buffer":true,"appLogName":"cnode-api-async-web.log","coreLogName":"egg-web.log","agentLogName":"egg-agent.log","errorLogName":"common-error.log","coreLogger":{"consoleLevel":"WARN"},"allowDebugAtProd":false,"type":"application"}
2019-09-16 16:19:36,898 INFO 8126 [egg-schedule]: register schedule /Users/kunlingwu/MK86/cnode-api/node_modules/egg-logrotator/app/schedule/clean_log.js
2019-09-16 16:19:36,898 INFO 8126 [egg-schedule]: register schedule /Users/kunlingwu/MK86/cnode-api/node_modules/egg-logrotator/app/schedule/rotate_by_file.js
2019-09-16 16:19:36,970 INFO 8126 [egg-static] starting static serve /public/ -> /Users/kunlingwu/MK86/cnode-api/app/public
2019-09-16 16:19:36,972 INFO 8126 [egg-security] use csrf middleware
2019-09-16 16:19:36,973 INFO 8126 [egg-security] use methodnoallow middleware
2019-09-16 16:19:36,973 INFO 8126 [egg-security] use noopen middleware
2019-09-16 16:19:36,973 INFO 8126 [egg-security] use nosniff middleware
2019-09-16 16:19:36,974 INFO 8126 [egg-security] use xssProtection middleware
2019-09-16 16:19:36,974 INFO 8126 [egg-security] use xframe middleware
2019-09-16 16:19:36,974 INFO 8126 [egg-security] use dta middleware
2019-09-16 16:19:36,974 INFO 8126 [egg-security] compose 7 middlewares into one security middleware
2019-09-16 16:19:36,991 INFO 8126 [egg:core] dump config after load, 5ms
2019-09-16 16:19:37,004 INFO 8126 [egg-watcher:app] watcher start success
2019-09-16 16:19:37,011 INFO 8126 [egg:core] dump config after ready, 5ms
2019-09-16 16:21:58,930 INFO 8177 [egg:logger] init all loggers with options: {"dir":"/Users/kunlingwu/MK86/cnode-api/logs/cnode-api-async","encoding":"utf8","env":"local","level":"INFO","consoleLevel":"INFO","disableConsoleAfterReady":false,"outputJSON":false,"buffer":true,"appLogName":"cnode-api-async-web.log","coreLogName":"egg-web.log","agentLogName":"egg-agent.log","errorLogName":"common-error.log","coreLogger":{"consoleLevel":"WARN"},"allowDebugAtProd":false,"type":"application"}
2019-09-16 16:21:58,957 INFO 8177 [egg-schedule]: register schedule /Users/kunlingwu/MK86/cnode-api/node_modules/egg-logrotator/app/schedule/clean_log.js
2019-09-16 16:21:58,957 INFO 8177 [egg-schedule]: register schedule /Users/kunlingwu/MK86/cnode-api/node_modules/egg-logrotator/app/schedule/rotate_by_file.js
2019-09-16 16:21:59,015 INFO 8177 [egg-static] starting static serve /public/ -> /Users/kunlingwu/MK86/cnode-api/app/public
2019-09-16 16:21:59,017 INFO 8177 [egg-security] use csrf middleware
2019-09-16 16:21:59,018 INFO 8177 [egg-security] use methodnoallow middleware
2019-09-16 16:21:59,018 INFO 8177 [egg-security] use noopen middleware
2019-09-16 16:21:59,018 INFO 8177 [egg-security] use nosniff middleware
2019-09-16 16:21:59,018 INFO 8177 [egg-security] use xssProtection middleware
2019-09-16 16:21:59,019 INFO 8177 [egg-security] use xframe middleware
2019-09-16 16:21:59,019 INFO 8177 [egg-security] use dta middleware
2019-09-16 16:21:59,019 INFO 8177 [egg-security] compose 7 middlewares into one security middleware
2019-09-16 16:21:59,032 INFO 8177 [egg:core] dump config after load, 7ms
2019-09-16 16:21:59,041 INFO 8177 [egg-watcher:app] watcher start success
2019-09-16 16:21:59,045 INFO 8177 [egg:core] dump config after ready, 3ms
2019-09-16 16:35:36,571 WARN 8177 [ClusterClient:Watcher] follower closed, and try to init it again
2019-09-16 16:53:53,232 WARN 8177 [TCPBase] socket is closed by other side while there were still unhandled data in the socket buffer
2019-09-16 16:53:53,232 WARN 8177 [ClusterClient:Watcher] follower closed, and try to init it again
2019-09-16 18:49:53,391 WARN 8177 [TCPBase] socket is closed by other side while there were still unhandled data in the socket buffer
2019-09-16 18:49:53,391 WARN 8177 [ClusterClient:Watcher] follower closed, and try to init it again
2019-09-16 18:54:15,600 WARN 8177 [TCPBase] socket is closed by other side while there were still unhandled data in the socket buffer
2019-09-16 18:54:15,600 WARN 8177 [ClusterClient:Watcher] follower closed, and try to init it again
2019-09-16 21:38:27,428 WARN 8177 [ClusterClient:Watcher] follower closed, and try to init it again
2019-09-16 22:45:51,516 WARN 8177 [ClusterClient:Watcher] follower closed, and try to init it again
